
> vibe-generated-app@1.0.0 dev
> vite


  VITE v5.4.20  ready in 260 ms

  ➜  Local:   http://localhost:3000/
  ➜  Network: http://172.20.0.200:3000/
2:35:25 AM [vite] Pre-transform error: Transform failed with 1 error:
/home/workspace/src/components/Contact.jsx:42:43: ERROR: Expected ";" but found "as"
2:35:26 AM [vite] ✨ new dependencies optimized: @splinetool/react-spline, lucide-react
2:35:26 AM [vite] ✨ optimized dependencies changed. reloading
The file does not exist at "/home/workspace/node_modules/.vite/deps/chunk-I4MZPW7S.js?v=35394813" which is in the optimize deps directory. The dependency might be incompatible with the dep optimizer. Try adding it to `optimizeDeps.exclude`.
The file does not exist at "/home/workspace/node_modules/.vite/deps/chunk-XPR23Y44.js?v=35394813" which is in the optimize deps directory. The dependency might be incompatible with the dep optimizer. Try adding it to `optimizeDeps.exclude`.
2:35:26 AM [vite] Pre-transform error: Transform failed with 1 error:
/home/workspace/src/components/Contact.jsx:42:43: ERROR: Expected ";" but found "as"
2:35:26 AM [vite] Internal server error: Transform failed with 1 error:
/home/workspace/src/components/Contact.jsx:42:43: ERROR: Expected ";" but found "as"
  Plugin: vite:esbuild
  File: /home/workspace/src/components/Contact.jsx:42:43
  
  Expected ";" but found "as"
  40 |              onSubmit={(e) => {
  41 |                e.preventDefault();
  42 |                const form = e.currentTarget as HTMLFormElement;
     |                                             ^
  43 |                const data = new FormData(form);
  44 |                const subject = encodeURIComponent('Service Appointment Request');
  
      at failureErrorWithLog (/home/workspace/node_modules/esbuild/lib/main.js:1472:15)
      at /home/workspace/node_modules/esbuild/lib/main.js:755:50
      at responseCallbacks.<computed> (/home/workspace/node_modules/esbuild/lib/main.js:622:9)
      at handleIncomingPacket (/home/workspace/node_modules/esbuild/lib/main.js:677:12)
      at Socket.readFromStdout (/home/workspace/node_modules/esbuild/lib/main.js:600:7)
      at Socket.emit (node:events:508:28)
      at addChunk (node:internal/streams/readable:559:12)
      at readableAddChunkPushByteMode (node:internal/streams/readable:510:3)
      at Readable.push (node:internal/streams/readable:390:5)
      at Pipe.onStreamRead (node:internal/stream_base_commons:189:23)
